<?xml version="1.0" encoding="UTF-8"?>
<!-- Generated by org.testng.reporters.JUnitReportReporter -->
<testsuite hostname="DESKTOP-MGPVI9T" failures="0" tests="4" name="PETSTORE.API.test.StoreTest" time="7.077" errors="0" timestamp="2023-10-23T16:55:12 IST" skipped="0">
  <testcase classname="PETSTORE.API.test.StoreTest" name="test_PlaceAnOrderForPet" time="3.640"/>
  <testcase classname="PETSTORE.API.test.StoreTest" name="test_FindPurchaseOrderById" time="1.168"/>
  <testcase classname="PETSTORE.API.test.StoreTest" name="test_DeteleOrdersById" time="1.169"/>
  <testcase classname="PETSTORE.API.test.StoreTest" name="test_InventoryDetails" time="1.100"/>
</testsuite> <!-- PETSTORE.API.test.StoreTest -->
