<?xml version="1.0" encoding="UTF-8"?>
<!-- Generated by org.testng.reporters.JUnitReportReporter -->
<testsuite hostname="DESKTOP-MGPVI9T" failures="0" tests="4" name="HRMS.API.store.test.StoreTest_From_PropertiesFiles" time="7.375" errors="0" timestamp="2023-10-23T10:51:57 IST" skipped="0">
  <testcase classname="HRMS.API.store.test.StoreTest_From_PropertiesFiles" name="test_CreateOrder" time="3.919"/>
  <testcase classname="HRMS.API.store.test.StoreTest_From_PropertiesFiles" name="test_FindOrdersById" time="1.173"/>
  <testcase classname="HRMS.API.store.test.StoreTest_From_PropertiesFiles" name="test_InventoryDetails" time="1.107"/>
  <testcase classname="HRMS.API.store.test.StoreTest_From_PropertiesFiles" name="test_DeteleOrders" time="1.176"/>
</testsuite> <!-- HRMS.API.store.test.StoreTest_From_PropertiesFiles -->
