<?xml version="1.0" encoding="UTF-8"?>
<!-- Generated by org.testng.reporters.JUnitReportReporter -->
<testsuite hostname="DESKTOP-MGPVI9T" failures="0" tests="1" name="PETSTORE.API.test.TC_Store2" time="3.686" errors="0" timestamp="2023-11-05T11:05:19 IST" skipped="0">
  <testcase classname="PETSTORE.API.test.TC_Store2" name="test_PlaceAnOrderForPet" time="3.686"/>
</testsuite> <!-- PETSTORE.API.test.TC_Store2 -->
